2025-10-15 01:07:46,141 [    INFO] camera_stream: Logging configurado - arquivo: /camera/logs/stream_20251015.log
2025-10-15 01:07:46,141 [    INFO] camera_stream: Logging configurado - arquivo: /camera/logs/stream_20251015.log
2025-10-15 01:07:46,141 [    INFO] camera_stream: Health Checker configurado para IP: 192.168.3.62
2025-10-15 01:07:46,142 [    INFO] camera_stream: Logging configurado - arquivo: /camera/logs/stream_20251015.log
2025-10-15 01:07:46,142 [    INFO] camera_stream: Dashboard Flask inicializado
2025-10-15 01:07:46,146 [    INFO] werkzeug: [31m[1mWARNING: This is a development server. Do not use it in a production deployment. Use a production WSGI server instead.[0m
 * Running on all addresses (0.0.0.0)
 * Running on http://127.0.0.1:8001
 * Running on http://172.20.0.9:8001
2025-10-15 01:07:46,146 [    INFO] werkzeug: [33mPress CTRL+C to quit[0m
2025-10-15 01:07:51,143 [    INFO] camera_stream: Logging configurado - arquivo: /camera/logs/stream_20251015.log
2025-10-15 01:07:51,144 [    INFO] camera_stream: Logging configurado - arquivo: /camera/logs/stream_20251015.log
2025-10-15 01:07:51,144 [    INFO] camera_stream: Health Checker configurado para IP: 192.168.3.62
2025-10-15 01:07:51,144 [    INFO] camera_stream: Logging configurado - arquivo: /camera/logs/stream_20251015.log
2025-10-15 01:07:51,144 [    INFO] camera_stream: Iniciando Stream Manager em background...
2025-10-15 01:07:51,145 [    INFO] camera_stream: Iniciando Stream Manager
2025-10-15 01:07:51,145 [    INFO] camera_stream: Enviando alerta: 🎬 Stream Manager Iniciado
2025-10-15 01:07:52,053 [   ERROR] camera_stream: Erro ao enviar Telegram: 400 Client Error: Bad Request for url: https://api.telegram.org/bot8303490589:AAFESSnYGHJPTS5cQkHrgfsY8ieqWpjt9s8/sendMessage
2025-10-15 01:07:55,961 [    INFO] camera_stream: Alerta email enviado
2025-10-15 01:08:09,207 [ WARNING] camera_stream: RTSP falhou: rtsp://admin:CoraRosa@192.168.3.62:554/cam/realmonitor?channel=1&subtype=0: Invalid data found when processing input

2025-10-15 01:08:09,207 [ WARNING] camera_stream: Conexão RTSP falhou
2025-10-15 01:08:09,207 [    INFO] camera_stream: Stream não está rodando, iniciando...
2025-10-15 01:08:14,212 [ WARNING] camera_stream: Ping para 192.168.3.62 falhou
2025-10-15 01:08:14,212 [    INFO] camera_stream: Câmera offline, iniciando fallback
2025-10-15 01:08:14,212 [    INFO] camera_stream: Iniciando stream fallback: ffmpeg -y -re -loop 1 -framerate 30 -i...
2025-10-15 01:08:14,213 [    INFO] camera_stream: Stream fallback iniciado com sucesso
2025-10-15 01:08:14,705 [ WARNING] camera_stream: FFmpeg: Error parsing options for input file anullsrc.
2025-10-15 01:08:14,705 [ WARNING] camera_stream: FFmpeg: Error opening input files: Invalid argument
2025-10-15 01:09:16,037 [    INFO] camera_stream: Câmera voltou, mudando para stream normal
2025-10-15 01:09:16,037 [    INFO] camera_stream: Stream parado
2025-10-15 01:09:19,954 [    INFO] camera_stream: Iniciando stream normal: ffmpeg -y -re -rtsp_transport tcp -i rtsp://admin:CoraRosa@192.168.3.62:554/cam/realmonitor?channel=1&subtype=0 -c:v...
2025-10-15 01:09:19,955 [    INFO] camera_stream: Stream normal iniciado com sucesso
2025-10-15 01:13:29,375 [ WARNING] camera_stream: Ping para 192.168.3.62 falhou
2025-10-15 01:13:29,375 [    INFO] camera_stream: Enviando alerta: ❌ Câmera Offline
2025-10-15 01:13:30,301 [   ERROR] camera_stream: Erro ao enviar Telegram: 400 Client Error: Bad Request for url: https://api.telegram.org/bot8303490589:AAFESSnYGHJPTS5cQkHrgfsY8ieqWpjt9s8/sendMessage
2025-10-15 01:13:34,288 [    INFO] camera_stream: Alerta email enviado
2025-10-15 01:13:34,289 [    INFO] camera_stream: Câmera caiu, mudando para fallback
2025-10-15 01:13:34,300 [ WARNING] camera_stream: FFmpeg: [flv @ 0x563aa4a09bc0] Failed to update header with correct duration.
2025-10-15 01:13:34,301 [ WARNING] camera_stream: FFmpeg: [flv @ 0x563aa4a09bc0] Failed to update header with correct filesize.
2025-10-15 01:13:35,005 [    INFO] camera_stream: Stream parado
2025-10-15 01:13:40,329 [    INFO] camera_stream: Iniciando stream normal: ffmpeg -y -re -rtsp_transport tcp -i rtsp://admin:CoraRosa@192.168.3.62:554/cam/realmonitor?channel=1&subtype=0 -c:v...
2025-10-15 01:13:40,331 [    INFO] camera_stream: Stream normal iniciado com sucesso
2025-10-15 01:18:25,884 [ WARNING] camera_stream: FFmpeg: [flv @ 0x560221d28280] Failed to update header with correct duration.
2025-10-15 01:18:25,885 [ WARNING] camera_stream: FFmpeg: [flv @ 0x560221d28280] Failed to update header with correct filesize.
2025-10-15 01:18:25,885 [ WARNING] camera_stream: FFmpeg: Error writing trailer of rtmp://a.rtmp.youtube.com/live2/kvkv-f1c0-b1yt-92u0-axeg: End of file
2025-10-15 01:18:25,886 [ WARNING] camera_stream: FFmpeg: Error closing file rtmp://a.rtmp.youtube.com/live2/kvkv-f1c0-b1yt-92u0-axeg: End of file
2025-10-15 01:18:25,893 [ WARNING] camera_stream: FFmpeg: Conversion failed!
2025-10-15 01:18:51,475 [ WARNING] camera_stream: Processo FFmpeg morreu
2025-10-15 01:18:51,475 [    INFO] camera_stream: Enviando alerta: ⚠️ Stream caiu, tentando reconectar...
2025-10-15 01:18:52,363 [   ERROR] camera_stream: Erro ao enviar Telegram: 400 Client Error: Bad Request for url: https://api.telegram.org/bot8303490589:AAFESSnYGHJPTS5cQkHrgfsY8ieqWpjt9s8/sendMessage
2025-10-15 01:18:55,960 [    INFO] camera_stream: Alerta email enviado
2025-10-15 01:19:10,961 [    INFO] camera_stream: Tentativa de reconexão 1/5
2025-10-15 01:19:10,961 [    INFO] camera_stream: Stream parado
2025-10-15 01:19:14,823 [    INFO] camera_stream: Iniciando stream normal: ffmpeg -y -re -rtsp_transport tcp -i rtsp://admin:CoraRosa@192.168.3.62:554/cam/realmonitor?channel=1&subtype=0 -c:v...
2025-10-15 01:19:14,824 [    INFO] camera_stream: Stream normal iniciado com sucesso
2025-10-15 01:24:28,544 [ WARNING] camera_stream: Conexão socket para 192.168.3.62:554 falhou
2025-10-15 01:24:28,545 [    INFO] camera_stream: Enviando alerta: ❌ Câmera Offline
2025-10-15 01:24:29,393 [   ERROR] camera_stream: Erro ao enviar Telegram: 400 Client Error: Bad Request for url: https://api.telegram.org/bot8303490589:AAFESSnYGHJPTS5cQkHrgfsY8ieqWpjt9s8/sendMessage
2025-10-15 01:24:32,677 [    INFO] camera_stream: Alerta email enviado
2025-10-15 01:24:32,677 [    INFO] camera_stream: Câmera caiu, mudando para fallback
2025-10-15 01:24:32,689 [ WARNING] camera_stream: FFmpeg: [flv @ 0x56057636a280] Failed to update header with correct duration.
2025-10-15 01:24:32,690 [ WARNING] camera_stream: FFmpeg: [flv @ 0x56057636a280] Failed to update header with correct filesize.
2025-10-15 01:24:32,711 [    INFO] camera_stream: Stream parado
2025-10-15 01:24:37,715 [ WARNING] camera_stream: Ping para 192.168.3.62 falhou
2025-10-15 01:24:37,716 [    INFO] camera_stream: Câmera offline, iniciando fallback
2025-10-15 01:24:37,716 [    INFO] camera_stream: Iniciando stream fallback: ffmpeg -y -re -loop 1 -framerate 30 -i...
2025-10-15 01:24:37,717 [    INFO] camera_stream: Stream fallback iniciado com sucesso
2025-10-15 01:24:37,857 [ WARNING] camera_stream: FFmpeg: Error parsing options for input file anullsrc.
2025-10-15 01:24:37,857 [ WARNING] camera_stream: FFmpeg: Error opening input files: Invalid argument
2025-10-15 01:25:39,638 [    INFO] camera_stream: Câmera voltou, mudando para stream normal
2025-10-15 01:25:39,638 [    INFO] camera_stream: Stream parado
2025-10-15 01:25:43,529 [    INFO] camera_stream: Iniciando stream normal: ffmpeg -y -re -rtsp_transport tcp -i rtsp://admin:CoraRosa@192.168.3.62:554/cam/realmonitor?channel=1&subtype=0 -c:v...
2025-10-15 01:25:43,530 [    INFO] camera_stream: Stream normal iniciado com sucesso
2025-10-15 01:34:00,213 [ WARNING] camera_stream: Ping para 192.168.3.62 falhou
2025-10-15 01:34:00,213 [    INFO] camera_stream: Enviando alerta: ❌ Câmera Offline
2025-10-15 01:34:01,062 [   ERROR] camera_stream: Erro ao enviar Telegram: 400 Client Error: Bad Request for url: https://api.telegram.org/bot8303490589:AAFESSnYGHJPTS5cQkHrgfsY8ieqWpjt9s8/sendMessage
2025-10-15 01:34:05,010 [    INFO] camera_stream: Alerta email enviado
2025-10-15 01:34:05,010 [    INFO] camera_stream: Câmera caiu, mudando para fallback
2025-10-15 01:34:15,020 [    INFO] camera_stream: Stream parado
2025-10-15 01:34:20,025 [ WARNING] camera_stream: Ping para 192.168.3.62 falhou
2025-10-15 01:34:20,025 [    INFO] camera_stream: Câmera offline, iniciando fallback
2025-10-15 01:34:20,025 [    INFO] camera_stream: Iniciando stream fallback: ffmpeg -y -re -loop 1 -framerate 30 -i...
2025-10-15 01:34:20,026 [    INFO] camera_stream: Stream fallback iniciado com sucesso
2025-10-15 01:34:20,135 [ WARNING] camera_stream: FFmpeg: Error parsing options for input file anullsrc.
2025-10-15 01:34:20,135 [ WARNING] camera_stream: FFmpeg: Error opening input files: Invalid argument
2025-10-15 01:35:21,888 [    INFO] camera_stream: Câmera voltou, mudando para stream normal
2025-10-15 01:35:21,889 [    INFO] camera_stream: Stream parado
2025-10-15 01:35:26,910 [    INFO] camera_stream: Iniciando stream normal: ffmpeg -y -re -rtsp_transport tcp -i rtsp://admin:CoraRosa@192.168.3.62:554/cam/realmonitor?channel=1&subtype=0 -c:v...
2025-10-15 01:35:26,911 [    INFO] camera_stream: Stream normal iniciado com sucesso
2025-10-15 01:36:36,425 [   ERROR] camera_stream: Detectada desconexão do stream
2025-10-15 01:36:51,426 [    INFO] camera_stream: Tentativa de reconexão 1/5
2025-10-15 01:36:51,427 [    INFO] camera_stream: Stream parado
2025-10-15 01:36:55,344 [    INFO] camera_stream: Iniciando stream normal: ffmpeg -y -re -rtsp_transport tcp -i rtsp://admin:CoraRosa@192.168.3.62:554/cam/realmonitor?channel=1&subtype=0 -c:v...
2025-10-15 01:36:55,347 [    INFO] camera_stream: Stream normal iniciado com sucesso
2025-10-15 01:41:39,661 [ WARNING] camera_stream: Ping para 192.168.3.62 falhou
2025-10-15 01:41:39,664 [    INFO] camera_stream: Enviando alerta: ❌ Câmera Offline
2025-10-15 01:41:40,552 [   ERROR] camera_stream: Erro ao enviar Telegram: 400 Client Error: Bad Request for url: https://api.telegram.org/bot8303490589:AAFESSnYGHJPTS5cQkHrgfsY8ieqWpjt9s8/sendMessage
2025-10-15 01:41:44,213 [    INFO] camera_stream: Alerta email enviado
2025-10-15 01:41:44,214 [    INFO] camera_stream: Câmera caiu, mudando para fallback
2025-10-15 01:41:44,225 [ WARNING] camera_stream: FFmpeg: [flv @ 0x5566cd22e8c0] Failed to update header with correct duration.
2025-10-15 01:41:44,226 [ WARNING] camera_stream: FFmpeg: [flv @ 0x5566cd22e8c0] Failed to update header with correct filesize.
2025-10-15 01:41:44,247 [    INFO] camera_stream: Stream parado
2025-10-15 01:41:49,253 [ WARNING] camera_stream: Ping para 192.168.3.62 falhou
2025-10-15 01:41:49,253 [    INFO] camera_stream: Câmera offline, iniciando fallback
2025-10-15 01:41:49,254 [    INFO] camera_stream: Iniciando stream fallback: ffmpeg -y -re -loop 1 -framerate 30 -i...
2025-10-15 01:41:49,255 [    INFO] camera_stream: Stream fallback iniciado com sucesso
2025-10-15 01:41:49,368 [ WARNING] camera_stream: FFmpeg: Error parsing options for input file anullsrc.
2025-10-15 01:41:49,369 [ WARNING] camera_stream: FFmpeg: Error opening input files: Invalid argument
2025-10-15 01:42:51,091 [    INFO] camera_stream: Câmera voltou, mudando para stream normal
2025-10-15 01:42:51,092 [    INFO] camera_stream: Stream parado
2025-10-15 01:42:54,949 [    INFO] camera_stream: Iniciando stream normal: ffmpeg -y -re -rtsp_transport tcp -i rtsp://admin:CoraRosa@192.168.3.62:554/cam/realmonitor?channel=1&subtype=0 -c:v...
2025-10-15 01:42:54,950 [    INFO] camera_stream: Stream normal iniciado com sucesso
2025-10-15 01:45:02,055 [   ERROR] camera_stream: Detectada desconexão do stream
2025-10-15 01:45:14,940 [    INFO] camera_stream: Stream não está rodando, iniciando...
2025-10-15 01:45:14,940 [    INFO] camera_stream: Stream parado
2025-10-15 01:45:17,055 [    INFO] camera_stream: Tentativa de reconexão 1/5
2025-10-15 01:45:24,222 [    INFO] camera_stream: Iniciando stream normal: ffmpeg -y -re -rtsp_transport tcp -i rtsp://admin:CoraRosa@192.168.3.62:554/cam/realmonitor?channel=1&subtype=0 -c:v...
2025-10-15 01:45:24,223 [    INFO] camera_stream: Stream normal iniciado com sucesso
2025-10-15 01:45:30,322 [ WARNING] camera_stream: Stream já está rodando
2025-10-15 01:46:46,386 [ WARNING] camera_stream: Timeout na conexão RTSP
2025-10-15 01:46:46,386 [ WARNING] camera_stream: Conexão RTSP falhou
2025-10-15 01:46:46,386 [    INFO] camera_stream: Enviando alerta: ❌ Câmera Offline
2025-10-15 01:46:47,254 [   ERROR] camera_stream: Erro ao enviar Telegram: 400 Client Error: Bad Request for url: https://api.telegram.org/bot8303490589:AAFESSnYGHJPTS5cQkHrgfsY8ieqWpjt9s8/sendMessage
2025-10-15 01:46:51,418 [    INFO] camera_stream: Alerta email enviado
2025-10-15 01:46:51,418 [    INFO] camera_stream: Câmera caiu, mudando para fallback
2025-10-15 01:47:01,428 [    INFO] camera_stream: Stream parado
2025-10-15 01:47:12,172 [    INFO] camera_stream: Iniciando stream normal: ffmpeg -y -re -rtsp_transport tcp -i rtsp://admin:CoraRosa@192.168.3.62:554/cam/realmonitor?channel=1&subtype=0 -c:v...
2025-10-15 01:47:12,174 [    INFO] camera_stream: Stream normal iniciado com sucesso
2025-10-15 01:48:27,272 [ WARNING] camera_stream: Timeout na conexão RTSP
2025-10-15 01:48:27,272 [ WARNING] camera_stream: Conexão RTSP falhou
2025-10-15 01:48:38,208 [   ERROR] camera_stream: Detectada desconexão do stream
2025-10-15 01:48:53,209 [    INFO] camera_stream: Tentativa de reconexão 1/5
2025-10-15 01:48:53,209 [    INFO] camera_stream: Stream parado
2025-10-15 01:49:01,100 [    INFO] camera_stream: Iniciando stream normal: ffmpeg -y -re -rtsp_transport tcp -i rtsp://admin:CoraRosa@192.168.3.62:554/cam/realmonitor?channel=1&subtype=0 -c:v...
2025-10-15 01:49:01,101 [    INFO] camera_stream: Stream normal iniciado com sucesso
2025-10-15 01:58:51,672 [ WARNING] camera_stream: Ping para 192.168.3.62 falhou
2025-10-15 01:58:51,673 [    INFO] camera_stream: Enviando alerta: ❌ Câmera Offline
2025-10-15 01:58:52,527 [   ERROR] camera_stream: Erro ao enviar Telegram: 400 Client Error: Bad Request for url: https://api.telegram.org/bot8303490589:AAFESSnYGHJPTS5cQkHrgfsY8ieqWpjt9s8/sendMessage
2025-10-15 01:58:56,175 [    INFO] camera_stream: Alerta email enviado
2025-10-15 01:58:56,176 [    INFO] camera_stream: Câmera caiu, mudando para fallback
2025-10-15 01:59:03,578 [ WARNING] camera_stream: FFmpeg: [flv @ 0x56490fc26040] Failed to update header with correct duration.
2025-10-15 01:59:03,579 [ WARNING] camera_stream: FFmpeg: [flv @ 0x56490fc26040] Failed to update header with correct filesize.
2025-10-15 01:59:03,613 [    INFO] camera_stream: Stream parado
2025-10-15 01:59:08,617 [ WARNING] camera_stream: Ping para 192.168.3.62 falhou
2025-10-15 01:59:08,618 [    INFO] camera_stream: Câmera offline, iniciando fallback
2025-10-15 01:59:08,618 [    INFO] camera_stream: Iniciando stream fallback: ffmpeg -y -re -loop 1 -framerate 30 -i...
2025-10-15 01:59:08,620 [    INFO] camera_stream: Stream fallback iniciado com sucesso
2025-10-15 01:59:08,733 [ WARNING] camera_stream: FFmpeg: Error parsing options for input file anullsrc.
2025-10-15 01:59:08,733 [ WARNING] camera_stream: FFmpeg: Error opening input files: Invalid argument
2025-10-15 02:00:11,079 [    INFO] camera_stream: Câmera voltou, mudando para stream normal
2025-10-15 02:00:11,079 [    INFO] camera_stream: Stream parado
2025-10-15 02:00:18,096 [ WARNING] camera_stream: Conexão socket para 192.168.3.62:554 falhou
2025-10-15 02:00:18,096 [    INFO] camera_stream: Câmera offline, iniciando fallback
2025-10-15 02:00:18,096 [    INFO] camera_stream: Iniciando stream fallback: ffmpeg -y -re -loop 1 -framerate 30 -i...
2025-10-15 02:00:18,098 [    INFO] camera_stream: Stream fallback iniciado com sucesso
2025-10-15 02:00:18,200 [ WARNING] camera_stream: FFmpeg: Error parsing options for input file anullsrc.
2025-10-15 02:00:18,200 [ WARNING] camera_stream: FFmpeg: Error opening input files: Invalid argument
2025-10-15 02:01:19,945 [ WARNING] camera_stream: Processo FFmpeg morreu
2025-10-15 02:01:34,945 [    INFO] camera_stream: Tentativa de reconexão 1/5
2025-10-15 02:01:34,946 [    INFO] camera_stream: Stream parado
2025-10-15 02:01:38,776 [    INFO] camera_stream: Iniciando stream normal: ffmpeg -y -re -rtsp_transport tcp -i rtsp://admin:CoraRosa@192.168.3.62:554/cam/realmonitor?channel=1&subtype=0 -c:v...
2025-10-15 02:01:38,778 [    INFO] camera_stream: Stream normal iniciado com sucesso
2025-10-15 02:08:53,752 [ WARNING] camera_stream: Ping para 192.168.3.62 falhou
2025-10-15 02:08:53,752 [    INFO] camera_stream: Enviando alerta: ❌ Câmera Offline
2025-10-15 02:08:54,587 [   ERROR] camera_stream: Erro ao enviar Telegram: 400 Client Error: Bad Request for url: https://api.telegram.org/bot8303490589:AAFESSnYGHJPTS5cQkHrgfsY8ieqWpjt9s8/sendMessage
2025-10-15 02:08:58,145 [    INFO] camera_stream: Alerta email enviado
2025-10-15 02:08:58,145 [    INFO] camera_stream: Câmera caiu, mudando para fallback
2025-10-15 02:08:58,171 [ WARNING] camera_stream: FFmpeg: [flv @ 0x5646af271280] Failed to update header with correct duration.
2025-10-15 02:08:58,171 [ WARNING] camera_stream: FFmpeg: [flv @ 0x5646af271280] Failed to update header with correct filesize.
2025-10-15 02:08:58,210 [    INFO] camera_stream: Stream parado
2025-10-15 02:09:02,048 [    INFO] camera_stream: Iniciando stream normal: ffmpeg -y -re -rtsp_transport tcp -i rtsp://admin:CoraRosa@192.168.3.62:554/cam/realmonitor?channel=1&subtype=0 -c:v...
2025-10-15 02:09:02,050 [    INFO] camera_stream: Stream normal iniciado com sucesso
2025-10-15 02:15:15,205 [ WARNING] camera_stream: Ping para 192.168.3.62 falhou
2025-10-15 02:15:15,205 [    INFO] camera_stream: Enviando alerta: ❌ Câmera Offline
2025-10-15 02:15:16,052 [   ERROR] camera_stream: Erro ao enviar Telegram: 400 Client Error: Bad Request for url: https://api.telegram.org/bot8303490589:AAFESSnYGHJPTS5cQkHrgfsY8ieqWpjt9s8/sendMessage
2025-10-15 02:15:19,173 [    INFO] camera_stream: Alerta email enviado
2025-10-15 02:15:19,174 [    INFO] camera_stream: Câmera caiu, mudando para fallback
2025-10-15 02:15:19,177 [ WARNING] camera_stream: FFmpeg: [flv @ 0x55cf5100b100] Failed to update header with correct duration.
2025-10-15 02:15:19,178 [ WARNING] camera_stream: FFmpeg: [flv @ 0x55cf5100b100] Failed to update header with correct filesize.
2025-10-15 02:15:19,191 [    INFO] camera_stream: Stream parado
2025-10-15 02:15:23,009 [    INFO] camera_stream: Iniciando stream normal: ffmpeg -y -re -rtsp_transport tcp -i rtsp://admin:CoraRosa@192.168.3.62:554/cam/realmonitor?channel=1&subtype=0 -c:v...
2025-10-15 02:15:23,011 [    INFO] camera_stream: Stream normal iniciado com sucesso
2025-10-15 02:19:39,681 [   ERROR] camera_stream: Detectada desconexão do stream
2025-10-15 02:19:54,682 [    INFO] camera_stream: Tentativa de reconexão 1/5
2025-10-15 02:19:54,682 [    INFO] camera_stream: Stream parado
2025-10-15 02:19:58,586 [    INFO] camera_stream: Iniciando stream normal: ffmpeg -y -re -rtsp_transport tcp -i rtsp://admin:CoraRosa@192.168.3.62:554/cam/realmonitor?channel=1&subtype=0 -c:v...
2025-10-15 02:19:58,587 [    INFO] camera_stream: Stream normal iniciado com sucesso
2025-10-15 02:32:14,344 [ WARNING] camera_stream: Timeout na conexão RTSP
2025-10-15 02:32:14,344 [ WARNING] camera_stream: Conexão RTSP falhou
2025-10-15 02:32:14,344 [    INFO] camera_stream: Enviando alerta: ❌ Câmera Offline
2025-10-15 02:32:15,181 [   ERROR] camera_stream: Erro ao enviar Telegram: 400 Client Error: Bad Request for url: https://api.telegram.org/bot8303490589:AAFESSnYGHJPTS5cQkHrgfsY8ieqWpjt9s8/sendMessage
2025-10-15 02:32:18,838 [    INFO] camera_stream: Alerta email enviado
2025-10-15 02:32:18,839 [    INFO] camera_stream: Câmera caiu, mudando para fallback
2025-10-15 02:32:28,182 [ WARNING] camera_stream: FFmpeg: [flv @ 0x56503fd16780] Failed to update header with correct duration.
2025-10-15 02:32:28,182 [ WARNING] camera_stream: FFmpeg: [flv @ 0x56503fd16780] Failed to update header with correct filesize.
2025-10-15 02:32:28,233 [    INFO] camera_stream: Stream parado
2025-10-15 02:32:32,512 [    INFO] camera_stream: Iniciando stream normal: ffmpeg -y -re -rtsp_transport tcp -i rtsp://admin:CoraRosa@192.168.3.62:554/cam/realmonitor?channel=1&subtype=0 -c:v...
2025-10-15 02:32:32,514 [    INFO] camera_stream: Stream normal iniciado com sucesso
2025-10-15 02:33:14,021 [   ERROR] camera_stream: Detectada desconexão do stream
2025-10-15 02:33:29,022 [    INFO] camera_stream: Tentativa de reconexão 1/5
2025-10-15 02:33:29,023 [    INFO] camera_stream: Stream parado
2025-10-15 02:33:32,861 [    INFO] camera_stream: Iniciando stream normal: ffmpeg -y -re -rtsp_transport tcp -i rtsp://admin:CoraRosa@192.168.3.62:554/cam/realmonitor?channel=1&subtype=0 -c:v...
2025-10-15 02:33:32,862 [    INFO] camera_stream: Stream normal iniciado com sucesso
2025-10-15 02:35:29,546 [   ERROR] camera_stream: Detectada desconexão do stream
2025-10-15 02:35:38,471 [    INFO] camera_stream: Stream não está rodando, iniciando...
2025-10-15 02:35:38,471 [    INFO] camera_stream: Stream parado
2025-10-15 02:35:42,328 [    INFO] camera_stream: Iniciando stream normal: ffmpeg -y -re -rtsp_transport tcp -i rtsp://admin:CoraRosa@192.168.3.62:554/cam/realmonitor?channel=1&subtype=0 -c:v...
2025-10-15 02:35:42,330 [    INFO] camera_stream: Stream normal iniciado com sucesso
2025-10-15 02:35:44,547 [    INFO] camera_stream: Tentativa de reconexão 1/5
2025-10-15 02:35:44,548 [ WARNING] camera_stream: FFmpeg: rtmp://a.rtmp.youtube.com/live2/kvkv-f1c0-b1yt-92u0-axeg: Input/output error
2025-10-15 02:35:44,555 [    INFO] camera_stream: Stream parado
2025-10-15 02:35:48,391 [    INFO] camera_stream: Iniciando stream normal: ffmpeg -y -re -rtsp_transport tcp -i rtsp://admin:CoraRosa@192.168.3.62:554/cam/realmonitor?channel=1&subtype=0 -c:v...
2025-10-15 02:35:48,393 [    INFO] camera_stream: Stream normal iniciado com sucesso
2025-10-15 02:43:59,694 [ WARNING] camera_stream: Ping para 192.168.3.62 falhou
2025-10-15 02:43:59,695 [    INFO] camera_stream: Enviando alerta: ❌ Câmera Offline
2025-10-15 02:44:00,546 [   ERROR] camera_stream: Erro ao enviar Telegram: 400 Client Error: Bad Request for url: https://api.telegram.org/bot8303490589:AAFESSnYGHJPTS5cQkHrgfsY8ieqWpjt9s8/sendMessage
2025-10-15 02:44:04,147 [    INFO] camera_stream: Alerta email enviado
2025-10-15 02:44:04,148 [    INFO] camera_stream: Câmera caiu, mudando para fallback
2025-10-15 02:44:06,512 [ WARNING] camera_stream: FFmpeg: [flv @ 0x564bbebdf3c0] Failed to update header with correct duration.
2025-10-15 02:44:06,513 [ WARNING] camera_stream: FFmpeg: [flv @ 0x564bbebdf3c0] Failed to update header with correct filesize.
2025-10-15 02:44:06,569 [    INFO] camera_stream: Stream parado
2025-10-15 02:44:10,545 [    INFO] camera_stream: Iniciando stream normal: ffmpeg -y -re -rtsp_transport tcp -i rtsp://admin:CoraRosa@192.168.3.62:554/cam/realmonitor?channel=1&subtype=0 -c:v...
2025-10-15 02:44:10,546 [    INFO] camera_stream: Stream normal iniciado com sucesso
2025-10-15 02:45:13,551 [ WARNING] camera_stream: Ping para 192.168.3.62 falhou
2025-10-15 02:54:46,566 [ WARNING] camera_stream: Timeout na conexão RTSP
2025-10-15 02:54:46,567 [ WARNING] camera_stream: Conexão RTSP falhou
2025-10-15 02:54:46,567 [    INFO] camera_stream: Enviando alerta: ❌ Câmera Offline
2025-10-15 02:54:47,447 [   ERROR] camera_stream: Erro ao enviar Telegram: 400 Client Error: Bad Request for url: https://api.telegram.org/bot8303490589:AAFESSnYGHJPTS5cQkHrgfsY8ieqWpjt9s8/sendMessage
2025-10-15 02:54:51,082 [    INFO] camera_stream: Alerta email enviado
2025-10-15 02:54:51,082 [    INFO] camera_stream: Câmera caiu, mudando para fallback
2025-10-15 02:55:01,094 [    INFO] camera_stream: Stream parado
2025-10-15 02:55:06,099 [ WARNING] camera_stream: Ping para 192.168.3.62 falhou
2025-10-15 02:55:06,099 [    INFO] camera_stream: Câmera offline, iniciando fallback
2025-10-15 02:55:06,099 [    INFO] camera_stream: Iniciando stream fallback: ffmpeg -y -re -loop 1 -framerate 30 -i...
2025-10-15 02:55:06,100 [    INFO] camera_stream: Stream fallback iniciado com sucesso
2025-10-15 02:55:06,210 [ WARNING] camera_stream: FFmpeg: Error parsing options for input file anullsrc.
2025-10-15 02:55:06,210 [ WARNING] camera_stream: FFmpeg: Error opening input files: Invalid argument
2025-10-15 02:56:09,105 [ WARNING] camera_stream: Ping para 192.168.3.62 falhou
2025-10-15 02:56:09,106 [ WARNING] camera_stream: Processo FFmpeg morreu
2025-10-15 02:56:24,106 [    INFO] camera_stream: Tentativa de reconexão 1/5
2025-10-15 02:56:24,107 [    INFO] camera_stream: Stream parado
2025-10-15 02:56:28,019 [    INFO] camera_stream: Iniciando stream normal: ffmpeg -y -re -rtsp_transport tcp -i rtsp://admin:CoraRosa@192.168.3.62:554/cam/realmonitor?channel=1&subtype=0 -c:v...
2025-10-15 02:56:28,021 [    INFO] camera_stream: Stream normal iniciado com sucesso
2025-10-15 03:00:36,785 [ WARNING] camera_stream: Ping para 192.168.3.62 falhou
2025-10-15 03:00:36,785 [    INFO] camera_stream: Enviando alerta: ❌ Câmera Offline
2025-10-15 03:00:37,637 [   ERROR] camera_stream: Erro ao enviar Telegram: 400 Client Error: Bad Request for url: https://api.telegram.org/bot8303490589:AAFESSnYGHJPTS5cQkHrgfsY8ieqWpjt9s8/sendMessage
2025-10-15 03:00:41,082 [    INFO] camera_stream: Alerta email enviado
2025-10-15 03:00:41,082 [    INFO] camera_stream: Câmera caiu, mudando para fallback
2025-10-15 03:00:41,252 [ WARNING] camera_stream: FFmpeg: [flv @ 0x5571cad91780] Failed to update header with correct duration.
2025-10-15 03:00:41,253 [ WARNING] camera_stream: FFmpeg: [flv @ 0x5571cad91780] Failed to update header with correct filesize.
2025-10-15 03:00:41,297 [    INFO] camera_stream: Stream parado
2025-10-15 03:00:47,298 [    INFO] camera_stream: Iniciando stream normal: ffmpeg -y -re -rtsp_transport tcp -i rtsp://admin:CoraRosa@192.168.3.62:554/cam/realmonitor?channel=1&subtype=0 -c:v...
2025-10-15 03:00:47,299 [    INFO] camera_stream: Stream normal iniciado com sucesso
2025-10-15 05:58:26,434 [ WARNING] camera_stream: Ping para 192.168.3.62 falhou
2025-10-15 05:58:26,434 [    INFO] camera_stream: Enviando alerta: ❌ Câmera Offline
2025-10-15 05:58:27,292 [   ERROR] camera_stream: Erro ao enviar Telegram: 400 Client Error: Bad Request for url: https://api.telegram.org/bot8303490589:AAFESSnYGHJPTS5cQkHrgfsY8ieqWpjt9s8/sendMessage
2025-10-15 05:58:31,700 [    INFO] camera_stream: Alerta email enviado
2025-10-15 05:58:31,701 [    INFO] camera_stream: Câmera caiu, mudando para fallback
2025-10-15 05:58:31,712 [ WARNING] camera_stream: FFmpeg: [flv @ 0x55f733d9fe80] Failed to update header with correct duration.
2025-10-15 05:58:31,712 [ WARNING] camera_stream: FFmpeg: [flv @ 0x55f733d9fe80] Failed to update header with correct filesize.
2025-10-15 05:58:31,733 [    INFO] camera_stream: Stream parado
2025-10-15 05:58:35,564 [    INFO] camera_stream: Iniciando stream normal: ffmpeg -y -re -rtsp_transport tcp -i rtsp://admin:CoraRosa@192.168.3.62:554/cam/realmonitor?channel=1&subtype=0 -c:v...
2025-10-15 05:58:35,566 [    INFO] camera_stream: Stream normal iniciado com sucesso
2025-10-15 06:45:04,869 [ WARNING] camera_stream: Ping para 192.168.3.62 falhou
2025-10-15 06:45:04,869 [    INFO] camera_stream: Enviando alerta: ❌ Câmera Offline
2025-10-15 06:45:05,723 [   ERROR] camera_stream: Erro ao enviar Telegram: 400 Client Error: Bad Request for url: https://api.telegram.org/bot8303490589:AAFESSnYGHJPTS5cQkHrgfsY8ieqWpjt9s8/sendMessage
2025-10-15 06:45:09,332 [    INFO] camera_stream: Alerta email enviado
2025-10-15 06:45:09,332 [    INFO] camera_stream: Câmera caiu, mudando para fallback
2025-10-15 06:45:09,344 [ WARNING] camera_stream: FFmpeg: [flv @ 0x5608d189cb80] Failed to update header with correct duration.
2025-10-15 06:45:09,344 [ WARNING] camera_stream: FFmpeg: [flv @ 0x5608d189cb80] Failed to update header with correct filesize.
2025-10-15 06:45:09,364 [    INFO] camera_stream: Stream parado
2025-10-15 06:45:13,189 [    INFO] camera_stream: Iniciando stream normal: ffmpeg -y -re -rtsp_transport tcp -i rtsp://admin:CoraRosa@192.168.3.62:554/cam/realmonitor?channel=1&subtype=0 -c:v...
2025-10-15 06:45:13,190 [    INFO] camera_stream: Stream normal iniciado com sucesso
2025-10-15 09:33:37,168 [ WARNING] camera_stream: Ping para 192.168.3.62 falhou
2025-10-15 09:33:37,168 [    INFO] camera_stream: Enviando alerta: ❌ Câmera Offline
2025-10-15 09:33:38,030 [   ERROR] camera_stream: Erro ao enviar Telegram: 400 Client Error: Bad Request for url: https://api.telegram.org/bot8303490589:AAFESSnYGHJPTS5cQkHrgfsY8ieqWpjt9s8/sendMessage
2025-10-15 09:33:41,399 [    INFO] camera_stream: Alerta email enviado
2025-10-15 09:33:41,400 [    INFO] camera_stream: Câmera caiu, mudando para fallback
2025-10-15 09:33:41,406 [ WARNING] camera_stream: FFmpeg: [flv @ 0x55f307f07280] Failed to update header with correct duration.
2025-10-15 09:33:41,406 [ WARNING] camera_stream: FFmpeg: [flv @ 0x55f307f07280] Failed to update header with correct filesize.
2025-10-15 09:33:41,433 [    INFO] camera_stream: Stream parado
2025-10-15 09:33:45,265 [    INFO] camera_stream: Iniciando stream normal: ffmpeg -y -re -rtsp_transport tcp -i rtsp://admin:CoraRosa@192.168.3.62:554/cam/realmonitor?channel=1&subtype=0 -c:v...
2025-10-15 09:33:45,267 [    INFO] camera_stream: Stream normal iniciado com sucesso
2025-10-15 10:11:36,312 [   ERROR] camera_stream: Detectada desconexão do stream
2025-10-15 10:11:36,312 [    INFO] camera_stream: Enviando alerta: ⚠️ Stream caiu, tentando reconectar...
2025-10-15 10:11:37,177 [   ERROR] camera_stream: Erro ao enviar Telegram: 400 Client Error: Bad Request for url: https://api.telegram.org/bot8303490589:AAFESSnYGHJPTS5cQkHrgfsY8ieqWpjt9s8/sendMessage
2025-10-15 10:11:40,761 [    INFO] camera_stream: Alerta email enviado
2025-10-15 10:11:55,761 [    INFO] camera_stream: Tentativa de reconexão 1/5
2025-10-15 10:11:55,762 [    INFO] camera_stream: Stream parado
2025-10-15 10:11:59,744 [    INFO] camera_stream: Iniciando stream normal: ffmpeg -y -re -rtsp_transport tcp -i rtsp://admin:CoraRosa@192.168.3.62:554/cam/realmonitor?channel=1&subtype=0 -c:v...
2025-10-15 10:11:59,746 [    INFO] camera_stream: Stream normal iniciado com sucesso
